Script started on 2023-05-06 07:51:58+00:00 [TERM="xterm-256color" TTY="/dev/pts/0" COLUMNS="95" LINES="51"]
\[\033[01;34m\]\w\[\033[00m\]$ cd Week5
\[\033[01;34m\]\w\[\033[00m\]$ ls -l
total 16
-rw-r--r-- 1 runner runner  893 May  6 07:49 README.md
-rw-r--r-- 1 runner runner 2257 May  6 07:51 TwentyFive.js
-rw-r--r-- 1 runner runner 2644 May  6 07:50 TwentyOne.js
-rw-r--r-- 1 runner runner 3660 May  6 07:51 TwentyTwo.js
-rw-r--r-- 1 runner runner    0 May  6 07:51 week_5.log
\[\033[01;34m\]\w\[\033[00m\]$ node TwentyOne.js ../pride-and-prejudice.txt > output21.txt
\[\033[01;34m\]\w\[\033[00m\]$ diff output21.txt ../test.txt
\[\033[01;34m\]\w\[\033[00m\]$ node TwentyTwo.js ../pride-and-prejudice.txt
mr  -  786
elizabeth  -  635
very  -  488
darcy  -  418
such  -  395
mrs  -  343
much  -  329
more  -  327
bennet  -  323
bingley  -  306
jane  -  295
miss  -  283
one  -  275
know  -  239
before  -  229
herself  -  227
though  -  226
well  -  224
never  -  220
sister  -  218
soon  -  216
think  -  211
now  -  209
time  -  203
good  -  201
\[\033[01;34m\]\w\[\033[00m\]$ node TwentyTwo.js ../pride-and-prejudice.txt > output22.txt
\[\033[01;34m\]\w\[\033[00m\]$ diff output22.txt ../test.txt
\[\033[01;34m\]\w\[\033[00m\]$ node TwentyFive.js ../pride-and-prejudice.txt > output25.txt
\[\033[01;34m\]\w\[\033[00m\]$ diff output24 5.txt ../test.txt
\[\033[01;34m\]\w\[\033[00m\]$ ls -l
total 28
-rw-r--r-- 1 runner runner  342 May  6 07:52 output21.txt
-rw-r--r-- 1 runner runner  342 May  6 07:53 output22.txt
-rw-r--r-- 1 runner runner  342 May  6 07:53 output25.txt
-rw-r--r-- 1 runner runner  893 May  6 07:49 README.md
-rw-r--r-- 1 runner runner 2257 May  6 07:51 TwentyFive.js
-rw-r--r-- 1 runner runner 2644 May  6 07:50 TwentyOne.js
-rw-r--r-- 1 runner runner 3660 May  6 07:51 TwentyTwo.js
-rw-r--r-- 1 runner runner    0 May  6 07:51 week_5.log
\[\033[01;34m\]\w\[\033[00m\]$ exit

Script done on 2023-05-06 07:54:07+00:00 [COMMAND_EXIT_CODE="0"]
